<?xml version="1.0" encoding="UTF-8"?>
<testsuite xmlns:xsi="http://www.w3.org/2001/XMLSchema-instance" xsi:noNamespaceSchemaLocation="https://maven.apache.org/surefire/maven-surefire-plugin/xsd/surefire-test-report-3.0.xsd" version="3.0" name="com.sarthak.webapp.controller.UserControllerTest" time="1.576" tests="2" errors="0" skipped="0" failures="0">
  <properties>
[...]
</properties>
  <testcase name="createUser_Success" classname="com.sarthak.webapp.controller.UserControllerTest" time="0.118">
    <system-out><![CDATA[20:54:04.118 [main] INFO  o.s.t.c.s.AnnotationConfigContextLoaderUtils - Could not detect default configuration classes for test class [com.sarthak.webapp.controller.UserControllerTest]: UserControllerTest does not declare any static, non-private, non-final, nested classes annotated with @Configuration.
20:54:04.178 [main] INFO  o.s.b.t.c.SpringBootTestContextBootstrapper - Found @SpringBootConfiguration com.sarthak.webapp.Webapp for test class com.sarthak.webapp.controller.UserControllerTest
20:54:04.267 [main] INFO  o.s.b.d.r.RestartApplicationListener - Restart disabled due to context in which it is running

  .   ____          _            __ _ _
 /\\ / ___'_ __ _ _(_)_ __  __ _ \ \ \ \
( ( )\___ | '_ | '_| | '_ \/ _` | \ \ \ \
 \\/  ___)| |_)| | | | | || (_| |  ) ) ) )
  '  |____| .__|_| |_|_| |_\__, | / / / /
 =========|_|==============|___/=/_/_/_/
 :: Spring Boot ::               (v3.2.10)

20:54:04.369 [background-preinit] INFO  o.h.validator.internal.util.Version - HV000001: Hibernate Validator 8.0.1.Final
20:54:04.389 [main] INFO  c.s.w.controller.UserControllerTest - Starting UserControllerTest using Java 23.0.1 with PID 44367 (started by sarthak in /Users/sarthak/csye6225/webapp)
20:54:04.389 [main] INFO  c.s.w.controller.UserControllerTest - No active profile set, falling back to 1 default profile: "default"
20:54:05.343 [main] INFO  o.s.s.web.DefaultSecurityFilterChain - Will secure any request with [org.springframework.security.web.session.DisableEncodeUrlFilter@1a0ffb9b, org.springframework.security.web.context.request.async.WebAsyncManagerIntegrationFilter@67c0c90b, org.springframework.security.web.context.SecurityContextHolderFilter@6b751cb1, org.springframework.security.web.header.HeaderWriterFilter@495da9a7, org.springframework.security.web.authentication.logout.LogoutFilter@304744a1, org.springframework.security.web.authentication.www.BasicAuthenticationFilter@19ac93d2, org.springframework.security.web.savedrequest.RequestCacheAwareFilter@4ec427, org.springframework.security.web.servletapi.SecurityContextHolderAwareRequestFilter@5b490d5e, org.springframework.security.web.authentication.AnonymousAuthenticationFilter@8549c5f, org.springframework.security.web.session.SessionManagementFilter@6f112f70, org.springframework.security.web.access.ExceptionTranslationFilter@65d90b7f, org.springframework.security.web.access.intercept.AuthorizationFilter@4ffe3d42]
20:54:05.398 [main] WARN  o.s.b.a.s.s.UserDetailsServiceAutoConfiguration - 

Using generated security password: 93f85ef0-7c53-47c9-8e09-5eb74c5ca91c

This generated password is for development use only. Your security configuration must be updated before running your application in production.

20:54:05.410 [main] INFO  o.s.b.t.m.w.SpringBootMockServletContext - Initializing Spring TestDispatcherServlet ''
20:54:05.410 [main] INFO  o.s.t.w.s.TestDispatcherServlet - Initializing Servlet ''
20:54:05.411 [main] INFO  o.s.t.w.s.TestDispatcherServlet - Completed initialization in 1 ms
20:54:05.420 [main] INFO  c.s.w.controller.UserControllerTest - Started UserControllerTest in 1.157 seconds (process running for 1.726)
20:54:05.519 [main] INFO  c.s.webapp.controller.UserController - Received user creation request for email: john@example.com
20:54:05.520 [main] INFO  c.s.webapp.controller.UserController - Successfully created user with email: john@example.com
]]></system-out>
    <system-err><![CDATA[WARNING: A Java agent has been loaded dynamically (/Users/sarthak/.m2/repository/net/bytebuddy/byte-buddy-agent/1.14.19/byte-buddy-agent-1.14.19.jar)
WARNING: If a serviceability tool is in use, please run with -XX:+EnableDynamicAgentLoading to hide this warning
WARNING: If a serviceability tool is not in use, please run with -Djdk.instrument.traceUsage for more information
WARNING: Dynamic loading of agents will be disallowed by default in a future release
]]></system-err>
  </testcase>
  <testcase name="createUser_InvalidData" classname="com.sarthak.webapp.controller.UserControllerTest" time="0.009"/>
</testsuite>